[branch.co.ke/index.html]
[branch.co.ke/apple-touch-icon-57x57.png]
[branch.co.ke/apple-touch-icon-60x60.png]
[branch.co.ke/apple-touch-icon-72x72.png]
[branch.co.ke/apple-touch-icon-76x76.png]
[branch.co.ke/favicon-32x32.png]
[branch.co.ke/favicon-96x96.png]
[branch.co.ke/favicon-16x16.png]
[backblue.gif]
[fade.gif]
[index.html]
[d2c5ectx2y1vm9.cloudfront.net/assets/web-779a269a03dc3886f6f94cc2bd9143dcc0cfd3d7ff553188535ef68f74b4e171.css]
[code.jquery.com/jquery-1.12.4.min.js]
[d2c5ectx2y1vm9.cloudfront.net/assets/jquery-395e36e8b50840dbe9f754bd87c5098de66e33f81061d9452420dbdb9ee760f1.js]
[d2c5ectx2y1vm9.cloudfront.net/assets/web-1ecac8df84a895c68ab4857e3c85ba11b33617ced0f91531a1ee6d2f67a36c0e.js]
[connect.facebook.net/en_US/fbevents.js]
[d2c5ectx2y1vm9.cloudfront.net/assets/logo-5a6f97f580a4f616c2d8eaee20ed2326c2bb68596e1aeb1d9b3364a2f1e6ae1b.png]
[d2c5ectx2y1vm9.cloudfront.net/assets/index_local/index_local_hero.en_KE-90264b0c1bfe183df18d9a906c1982e2563372e7eda3469d4a722785ca7b633b.jpg]
[branch.co.ke/faq.html]
[branch.co.ke/download/home_page.10.delayed]
[d2c5ectx2y1vm9.cloudfront.net/assets/index_local/index_local_hero_sm.en_KE-cd52ff676924f6c2ba14312ab61ba8b50895cef3bf63b8610e3a551df968db95.png]
[d2c5ectx2y1vm9.cloudfront.net/assets/index_local/icon_1-15887364164123bc8e61c806dcdd9e5107a2a0f163c77654264f6e304757b7e1.png]
[d2c5ectx2y1vm9.cloudfront.net/assets/index_local/icon_2-c525f4e1bdcb00276dd3df59866c435d2fd5dcaa0ee1677e22e0407c35a84d2f.png]
[d2c5ectx2y1vm9.cloudfront.net/assets/index_local/icon_3-55aef76e41df59353fa5c12b5afd738c6f83d7272562e61f0144e55d0a2e6fbe.png]
[d2c5ectx2y1vm9.cloudfront.net/assets/index/plants-84b5b1e89496f73b887b394d0dd079c2849d8b4c70592ce76c5fddb97440788d.png]
[d2c5ectx2y1vm9.cloudfront.net/assets/index_local/caret_left_sm-5d4b0afb2905c398295ca22c0bf42af7f1fad2b4d6cf2703c28038a6316a6a32.png]
[d2c5ectx2y1vm9.cloudfront.net/assets/index_local/caret_right_sm-dc9377f5b4d545d0e6af659c9071c0a1977e7069dc55c6475d49b946b10bbcf4.png]
[d2c5ectx2y1vm9.cloudfront.net/assets/index_local/demo_1-610d0731736f1d8f954964ee083236d304c0c6e53ecc3a6a4ec2185b06d6794b.jpg]
[d2c5ectx2y1vm9.cloudfront.net/assets/index_local/demo_2-c4fc5abebe876bf4672924c5f3217603cc1f1eacdaf59ada90b673c6f0e4d655.jpg]
[d2c5ectx2y1vm9.cloudfront.net/assets/index_local/demo_3-6dfc31b5b426c0d8e1511a1f19bbc4c671535cbc5a7442e02ad1fcae98cdfbd7.jpg]
[d2c5ectx2y1vm9.cloudfront.net/assets/index_local/demo_4-46812fa511b26f9b672e2db82d9e36f04ba055da5a7311d51b021af4a683a6fe.jpg]
[d2c5ectx2y1vm9.cloudfront.net/assets/index_local/caret_left-2e4ad8a453f1a06f7d5180743087c93d00be9e3e0ef70875cd09919b674d749c.png]
[d2c5ectx2y1vm9.cloudfront.net/assets/index_local/caret_right-46cc27c3f394c834311174eda486ecb35cdd85a736e8bec086d156c49fa8ab70.png]
[branch.co.ke/download.1e.delayed]
[d2c5ectx2y1vm9.cloudfront.net/assets/index/tile_1-d0a756caa32a2c72477339cd078cb26c8780624bb68691eb190283d1b6cf92f2.jpg]
[d2c5ectx2y1vm9.cloudfront.net/assets/index/tile_2-f9be1f3f20f475d9820adcd87f25f4bd367c3b863ddeb0ff957c01eb42a8ef9f.jpg]
[d2c5ectx2y1vm9.cloudfront.net/assets/index_local/tile_3-ce862eb39743c92525d6ee088e2b1e00a89a4efd9cffff48157fdb45794355be.jpg]
[branch.co.ke/tou/ke.html]
[branch.co.ke/index.html]
[d2c5ectx2y1vm9.cloudfront.net/assets/web-779a269a03dc3886f6f94cc2bd9143dcc0cfd3d7ff553188535ef68f74b4e171.css]
[branch.co.ke/pp.html]
[connect.facebook.net/en_US/fbevents.js]
[www.googletagmanager.com/gtm5445.html]
[d2c5ectx2y1vm9.cloudfront.net/assets/faq/icon_plus-8d850a1033d28f1a30cc5cd1a25885430fccaa27f9a5d34b4440876a182e3a66.png]
[d2c5ectx2y1vm9.cloudfront.net/assets/faq/icon_minus-2aa591d97612f8d08576f5463048dee3a8b668211f2fe2442768200d61d239e4.png]
[branch.co.ke/faq.html]
[branch.co.ke/tou/ke.html]
[branch.co.ke/pp.html]
[branch.co.ke/POST.html]
[branch.co.ke/tou.html]
[branch.co.ke/tou.html]
